0	1	mikroCPIC1618.exe -MSF -DBG -pP16F877A -DL -O11111114 -fo20 -N"C:\Users\Edmar\Documents\School Related\ModSim\Sir ran\Sumobot_simple.mcppi" -SP"C:\Users\Public\Documents\Mikroelektronika\mikroC PRO for PIC\defs\" -SP"C:\Users\Public\Documents\Mikroelektronika\mikroC PRO for PIC\Uses\P16\" -SP"C:\Users\Edmar\Documents\School Related\ModSim\Sir ran\" -SP"C:\Users\Edmar\Downloads\Code\" -SP"D:\Mobot Project\Code\" -IP"D:\Mobot Project\Code\" -IP"C:\Users\Edmar\Downloads\Code\" -IP"C:\Users\Edmar\Documents\School Related\ModSim\Sir ran\" "Sumobot_simple.c" "motorManager.c" "inputManager.c" "uart_debug.c" "__Lib_Math.mcl" "__Lib_MathDouble.mcl" "__Lib_System.mcl" "__Lib_Delays.mcl" "__Lib_CType.mcl" "__Lib_CString.mcl" "__Lib_CStdlib.mcl" "__Lib_CMath.mcl" "__Lib_MemManager.mcl" "__Lib_Conversions.mcl" "__Lib_Sprinti.mcl" "__Lib_Sprintl.mcl" "__Lib_Time.mcl" "__Lib_Trigonometry.mcl" "__Lib_Button.mcl" "__Lib_Keypad4x4.mcl" "__Lib_Manchester.mcl" "__Lib_OneWire.mcl" "__Lib_PS2.mcl" "__Lib_Sound.mcl" "__Lib_SoftI2C.mcl" "__Lib_SoftSPI.mcl" "__Lib_SoftUART.mcl" "__Lib_ADC_A_C.mcl" "__Lib_EEPROM.mcl" "__Lib_FLASH_RW.mcl" "__Lib_I2C_c34.mcl" "__Lib_PWM_c21.mcl" "__Lib_SPI_c345.mcl" "__Lib_UART_c67.mcl" "__Lib_PortExpander.mcl" "__Lib_CANSPI.mcl" "__Lib_CF.mcl" "__Lib_GlcdFonts.mcl" "__Lib_Glcd.mcl" "__Lib_LcdConsts.mcl" "__Lib_Lcd.mcl" "__Lib_RS485.mcl" "__Lib_S1D13700.mcl" "__Lib_T6963C.mcl" "__Lib_SPIGlcd.mcl" "__Lib_SPILcd.mcl" "__Lib_SPILcd8.mcl" "__Lib_SPIT6963C.mcl" "__Lib_EthEnc28j60.mcl" "__Lib_EthEnc24j600.mcl" "__Lib_TouchPanel.mcl"	 
warning: 0	1501	Specified search path does not exist: 'C:\Users\Edmar\Downloads\Code'	 
warning: 0	1501	Specified search path does not exist: 'D:\Mobot Project\Code'	 
warning: 0	1502	Specified include path does not exist: 'D:\Mobot Project\Code'	 
warning: 0	1502	Specified include path does not exist: 'C:\Users\Edmar\Downloads\Code'	 
hint: 0	1139	Available RAM: 352 [bytes], Available ROM: 8192 [bytes]	 
diagnostics: 0	126	All files Preprocessed in 406 ms	 
diagnostics: 0	122	Compilation Started	motormanager.h
warning: 26	1509	Generated baud rate is 9615 bps (error = 0.16 percent)	Sumobot_simple.c
diagnostics: 49	123	Compiled Successfully	Sumobot_simple.c
diagnostics: 0	122	Compilation Started	motormanager.h
diagnostics: 192	123	Compiled Successfully	motorManager.c
diagnostics: 0	122	Compilation Started	inputmanager.h
diagnostics: 150	123	Compiled Successfully	inputManager.c
diagnostics: 0	122	Compilation Started	uart_debug.h
diagnostics: 30	123	Compiled Successfully	uart_debug.c
diagnostics: 0	127	All files Compiled in 578 ms	 
hint: 0	1144	Used RAM (bytes): 10 (3%)  Free RAM (bytes): 342 (97%)	Used RAM (bytes): 10 (3%)  Free RAM (bytes): 342 (97%)
hint: 0	1144	Used ROM (program words): 586 (7%)  Free ROM (program words): 7606 (93%)	Used ROM (program words): 586 (7%)  Free ROM (program words): 7606 (93%)
diagnostics: 0	125	Project Linked Successfully	Sumobot_simple.mcppi
diagnostics: 0	128	Linked in 94 ms	 
diagnostics: 0	129	Project 'Sumobot_simple.mcppi' completed: 1172 ms	 
diagnostics: 0	103	Finished successfully: 17 Mar 2018, 21:27:38	Sumobot_simple.mcppi
