;  LST file generated by mikroListExporter - v.2.0 
; Date/Time: 17/03/2018 9:27:38 PM
;----------------------------------------------

;Address Opcode 	ASM
0x0000	0x2A0D      	GOTO       525
_Mul_16x16_U:
;__Lib_Math.c,136 :: 		
;__Lib_Math.c,143 :: 		
0x0003	0x1283      	BCF        STATUS, 5
;__Lib_Math.c,144 :: 		
0x0004	0x1303      	BCF        STATUS, 6
;__Lib_Math.c,145 :: 		
0x0005	0x01FB      	CLRF       R11
;__Lib_Math.c,146 :: 		
0x0006	0x01FA      	CLRF       R10
;__Lib_Math.c,147 :: 		
0x0007	0x01F9      	CLRF       R9
;__Lib_Math.c,148 :: 		
0x0008	0x3080      	MOVLW      128
;__Lib_Math.c,149 :: 		
0x0009	0x00F8      	MOVWF      R8
;__Lib_Math.c,150 :: 		
0x000A	0x0CF1      	RRF        R1, 1
;__Lib_Math.c,151 :: 		
0x000B	0x0CF0      	RRF        R0, 1
;__Lib_Math.c,152 :: 		
0x000C	0x1C03      	BTFSS      STATUS, 0
;__Lib_Math.c,153 :: 		
0x000D	0x2817      	GOTO       $+10
;__Lib_Math.c,154 :: 		
0x000E	0x0874      	MOVF       R4, 0
;__Lib_Math.c,155 :: 		
0x000F	0x07F9      	ADDWF      R9, 1
;__Lib_Math.c,156 :: 		
0x0010	0x0875      	MOVF       R5, 0
;__Lib_Math.c,157 :: 		
0x0011	0x1803      	BTFSC      STATUS, 0
;__Lib_Math.c,158 :: 		
0x0012	0x0F75      	INCFSZ     R5, 0
;__Lib_Math.c,159 :: 		
0x0013	0x07FA      	ADDWF      R10, 1
;__Lib_Math.c,160 :: 		
0x0014	0x1803      	BTFSC      STATUS, 0
;__Lib_Math.c,161 :: 		
0x0015	0x0AFB      	INCF       R11, 1
;__Lib_Math.c,162 :: 		
0x0016	0x1003      	BCF        STATUS, 0
;__Lib_Math.c,163 :: 		
0x0017	0x1FF0      	BTFSS      R0, 7
;__Lib_Math.c,164 :: 		
0x0018	0x281F      	GOTO       $+7
;__Lib_Math.c,165 :: 		
0x0019	0x0874      	MOVF       R4, 0
;__Lib_Math.c,166 :: 		
0x001A	0x07FA      	ADDWF      R10, 1
;__Lib_Math.c,167 :: 		
0x001B	0x0875      	MOVF       R5, 0
;__Lib_Math.c,168 :: 		
0x001C	0x1803      	BTFSC      STATUS, 0
;__Lib_Math.c,169 :: 		
0x001D	0x0F75      	INCFSZ     R5, 0
;__Lib_Math.c,170 :: 		
0x001E	0x07FB      	ADDWF      R11, 1
;__Lib_Math.c,171 :: 		
0x001F	0x0CFB      	RRF        R11, 1
;__Lib_Math.c,172 :: 		
0x0020	0x0CFA      	RRF        R10, 1
;__Lib_Math.c,173 :: 		
0x0021	0x0CF9      	RRF        R9, 1
;__Lib_Math.c,174 :: 		
0x0022	0x0CF8      	RRF        R8, 1
;__Lib_Math.c,175 :: 		
0x0023	0x1C03      	BTFSS      STATUS, 0
;__Lib_Math.c,176 :: 		
0x0024	0x280A      	GOTO       $-26
;__Lib_Math.c,177 :: 		
0x0025	0x087B      	MOVF       R11, 0
;__Lib_Math.c,178 :: 		
0x0026	0x00F3      	MOVWF      R3
;__Lib_Math.c,179 :: 		
0x0027	0x087A      	MOVF       R10, 0
;__Lib_Math.c,180 :: 		
0x0028	0x00F2      	MOVWF      R2
;__Lib_Math.c,181 :: 		
0x0029	0x0879      	MOVF       R9, 0
;__Lib_Math.c,182 :: 		
0x002A	0x00F1      	MOVWF      R1
;__Lib_Math.c,183 :: 		
0x002B	0x0878      	MOVF       R8, 0
;__Lib_Math.c,184 :: 		
0x002C	0x00F0      	MOVWF      R0
;__Lib_Math.c,187 :: 		
L_end_Mul_16x16_U:
0x002D	0x0008      	RETURN
; end of _Mul_16x16_U
_motorManager_GetState:
;motorManager.c,8 :: 		motor_manager_state_t motorManager_GetState(void)
;motorManager.c,10 :: 		return motor_manager_state;
0x002E	0x1283      	BCF        STATUS, 5
0x002F	0x1303      	BCF        STATUS, 6
0x0030	0x0821      	MOVF       _motor_manager_state, 0
0x0031	0x00F0      	MOVWF      R0
;motorManager.c,11 :: 		}
L_end_motorManager_GetState:
0x0032	0x0008      	RETURN
; end of _motorManager_GetState
_____DoICP:
;__Lib_System.c,6 :: 		
;__Lib_System.c,9 :: 		
0x0033	0x1283      	BCF        STATUS, 5
0x0034	0x1303      	BCF        STATUS, 6
0x0035	0x0823      	MOVF       ___DoICPAddr+1, 0
0x0036	0x008A      	MOVWF      PCLATH
;__Lib_System.c,10 :: 		
0x0037	0x0822      	MOVF       ___DoICPAddr, 0
0x0038	0x0082      	MOVWF      PCL
;__Lib_System.c,12 :: 		
L_end_____DoICP:
0x0039	0x0008      	RETURN
; end of _____DoICP
_inputManager_GetState:
;inputManager.c,6 :: 		input_manager_state_t inputManager_GetState(void)
;inputManager.c,8 :: 		return input_manager_state;
0x003A	0x1283      	BCF        STATUS, 5
0x003B	0x1303      	BCF        STATUS, 6
0x003C	0x0820      	MOVF       _input_manager_state, 0
0x003D	0x00F0      	MOVWF      R0
;inputManager.c,9 :: 		}
L_end_inputManager_GetState:
0x003E	0x0008      	RETURN
; end of _inputManager_GetState
_UART1_Write:
;__Lib_UART_c67.c,39 :: 		
;__Lib_UART_c67.c,40 :: 		
L_UART1_Write3:
0x003F	0x1683      	BSF        STATUS, 5
0x0040	0x1303      	BCF        STATUS, 6
0x0041	0x1898      	BTFSC      TXSTA, 1
0x0042	0x2845      	GOTO       L_UART1_Write4
;__Lib_UART_c67.c,41 :: 		
0x0043	0x0000      	NOP
0x0044	0x283F      	GOTO       L_UART1_Write3
L_UART1_Write4:
;__Lib_UART_c67.c,42 :: 		
0x0045	0x1283      	BCF        STATUS, 5
0x0046	0x0828      	MOVF       FARG_UART1_Write_data_, 0
0x0047	0x0099      	MOVWF      TXREG
;__Lib_UART_c67.c,43 :: 		
L_end_UART1_Write:
0x0048	0x0008      	RETURN
; end of _UART1_Write
_PWM2_Set_Duty:
;__Lib_PWM_c21.c,8 :: 		
;__Lib_PWM_c21.c,12 :: 		
0x0049	0x1683      	BSF        STATUS, 5
0x004A	0x1303      	BCF        STATUS, 6
0x004B	0x0812      	MOVF       PR2, 0
0x004C	0x3E01      	ADDLW      1
0x004D	0x00F0      	MOVWF      R0
0x004E	0x01F1      	CLRF       R0+1
0x004F	0x1803      	BTFSC      STATUS, 0
0x0050	0x0AF1      	INCF       R0+1, 1
0x0051	0x1283      	BCF        STATUS, 5
0x0052	0x0828      	MOVF       FARG_PWM2_Set_Duty_new_duty, 0
0x0053	0x00F4      	MOVWF      R4
0x0054	0x01F5      	CLRF       R4+1
0x0055	0x2003      	CALL       _Mul_16x16_U
0x0056	0x3006      	MOVLW      6
0x0057	0x00F2      	MOVWF      R2
0x0058	0x0870      	MOVF       R0, 0
0x0059	0x00F4      	MOVWF      R4
0x005A	0x0871      	MOVF       R0+1, 0
0x005B	0x00F5      	MOVWF      R4+1
0x005C	0x0872      	MOVF       R2, 0
L__PWM2_Set_Duty2:
0x005D	0x1903      	BTFSC      STATUS, 2
0x005E	0x2864      	GOTO       L__PWM2_Set_Duty3
0x005F	0x0CF5      	RRF        R4+1, 1
0x0060	0x0CF4      	RRF        R4, 1
0x0061	0x13F5      	BCF        R4+1, 7
0x0062	0x3EFF      	ADDLW      255
0x0063	0x285D      	GOTO       L__PWM2_Set_Duty2
L__PWM2_Set_Duty3:
;__Lib_PWM_c21.c,13 :: 		
0x0064	0x3004      	MOVLW      4
0x0065	0x00F1      	MOVWF      R1
0x0066	0x0874      	MOVF       R4, 0
0x0067	0x00F0      	MOVWF      R0
0x0068	0x0871      	MOVF       R1, 0
L__PWM2_Set_Duty4:
0x0069	0x1903      	BTFSC      STATUS, 2
0x006A	0x286F      	GOTO       L__PWM2_Set_Duty5
0x006B	0x0DF0      	RLF        R0, 1
0x006C	0x1070      	BCF        R0, 0
0x006D	0x3EFF      	ADDLW      255
0x006E	0x2869      	GOTO       L__PWM2_Set_Duty4
L__PWM2_Set_Duty5:
0x006F	0x3030      	MOVLW      48
0x0070	0x0570      	ANDWF      R0, 0
0x0071	0x00F3      	MOVWF      R3
;__Lib_PWM_c21.c,14 :: 		
0x0072	0x0874      	MOVF       R4, 0
0x0073	0x00F0      	MOVWF      R0
0x0074	0x0875      	MOVF       R4+1, 0
0x0075	0x00F1      	MOVWF      R0+1
0x0076	0x0CF1      	RRF        R0+1, 1
0x0077	0x0CF0      	RRF        R0, 1
0x0078	0x13F1      	BCF        R0+1, 7
0x0079	0x0CF1      	RRF        R0+1, 1
0x007A	0x0CF0      	RRF        R0, 1
0x007B	0x13F1      	BCF        R0+1, 7
0x007C	0x0870      	MOVF       R0, 0
0x007D	0x009B      	MOVWF      CCPR2L
;__Lib_PWM_c21.c,15 :: 		
0x007E	0x300F      	MOVLW      15
0x007F	0x059D      	ANDWF      CCP2CON, 1
;__Lib_PWM_c21.c,16 :: 		
0x0080	0x0873      	MOVF       R3, 0
0x0081	0x049D      	IORWF      CCP2CON, 1
;__Lib_PWM_c21.c,17 :: 		
L_end_PWM2_Set_Duty:
0x0082	0x0008      	RETURN
; end of _PWM2_Set_Duty
_PWM1_Set_Duty:
;__Lib_PWM_c21.c,40 :: 		
;__Lib_PWM_c21.c,44 :: 		
0x0083	0x1683      	BSF        STATUS, 5
0x0084	0x1303      	BCF        STATUS, 6
0x0085	0x0812      	MOVF       PR2, 0
0x0086	0x3E01      	ADDLW      1
0x0087	0x00F0      	MOVWF      R0
0x0088	0x01F1      	CLRF       R0+1
0x0089	0x1803      	BTFSC      STATUS, 0
0x008A	0x0AF1      	INCF       R0+1, 1
0x008B	0x1283      	BCF        STATUS, 5
0x008C	0x0828      	MOVF       FARG_PWM1_Set_Duty_new_duty, 0
0x008D	0x00F4      	MOVWF      R4
0x008E	0x01F5      	CLRF       R4+1
0x008F	0x2003      	CALL       _Mul_16x16_U
0x0090	0x3006      	MOVLW      6
0x0091	0x00F2      	MOVWF      R2
0x0092	0x0870      	MOVF       R0, 0
0x0093	0x00F4      	MOVWF      R4
0x0094	0x0871      	MOVF       R0+1, 0
0x0095	0x00F5      	MOVWF      R4+1
0x0096	0x0872      	MOVF       R2, 0
L__PWM1_Set_Duty10:
0x0097	0x1903      	BTFSC      STATUS, 2
0x0098	0x289E      	GOTO       L__PWM1_Set_Duty11
0x0099	0x0CF5      	RRF        R4+1, 1
0x009A	0x0CF4      	RRF        R4, 1
0x009B	0x13F5      	BCF        R4+1, 7
0x009C	0x3EFF      	ADDLW      255
0x009D	0x2897      	GOTO       L__PWM1_Set_Duty10
L__PWM1_Set_Duty11:
;__Lib_PWM_c21.c,45 :: 		
0x009E	0x3004      	MOVLW      4
0x009F	0x00F1      	MOVWF      R1
0x00A0	0x0874      	MOVF       R4, 0
0x00A1	0x00F0      	MOVWF      R0
0x00A2	0x0871      	MOVF       R1, 0
L__PWM1_Set_Duty12:
0x00A3	0x1903      	BTFSC      STATUS, 2
0x00A4	0x28A9      	GOTO       L__PWM1_Set_Duty13
0x00A5	0x0DF0      	RLF        R0, 1
0x00A6	0x1070      	BCF        R0, 0
0x00A7	0x3EFF      	ADDLW      255
0x00A8	0x28A3      	GOTO       L__PWM1_Set_Duty12
L__PWM1_Set_Duty13:
0x00A9	0x3030      	MOVLW      48
0x00AA	0x0570      	ANDWF      R0, 0
0x00AB	0x00F3      	MOVWF      R3
;__Lib_PWM_c21.c,46 :: 		
0x00AC	0x0874      	MOVF       R4, 0
0x00AD	0x00F0      	MOVWF      R0
0x00AE	0x0875      	MOVF       R4+1, 0
0x00AF	0x00F1      	MOVWF      R0+1
0x00B0	0x0CF1      	RRF        R0+1, 1
0x00B1	0x0CF0      	RRF        R0, 1
0x00B2	0x13F1      	BCF        R0+1, 7
0x00B3	0x0CF1      	RRF        R0+1, 1
0x00B4	0x0CF0      	RRF        R0, 1
0x00B5	0x13F1      	BCF        R0+1, 7
0x00B6	0x0870      	MOVF       R0, 0
0x00B7	0x0095      	MOVWF      CCPR1L
;__Lib_PWM_c21.c,47 :: 		
0x00B8	0x300F      	MOVLW      15
0x00B9	0x0597      	ANDWF      CCP1CON, 1
;__Lib_PWM_c21.c,48 :: 		
0x00BA	0x0873      	MOVF       R3, 0
0x00BB	0x0497      	IORWF      CCP1CON, 1
;__Lib_PWM_c21.c,49 :: 		
L_end_PWM1_Set_Duty:
0x00BC	0x0008      	RETURN
; end of _PWM1_Set_Duty
_UART1_Init:
;__Lib_UART_c67.c,2 :: 		
;__Lib_UART_c67.c,5 :: 		
0x00BD	0x1683      	BSF        STATUS, 5
0x00BE	0x1303      	BCF        STATUS, 6
0x00BF	0x1698      	BSF        TXSTA, 5
;__Lib_UART_c67.c,6 :: 		
0x00C0	0x3090      	MOVLW      144
0x00C1	0x1283      	BCF        STATUS, 5
0x00C2	0x0098      	MOVWF      RCSTA
;__Lib_UART_c67.c,7 :: 		
0x00C3	0x1683      	BSF        STATUS, 5
0x00C4	0x1787      	BSF        TRISC7_bit, BitPos(TRISC7_bit+0)
;__Lib_UART_c67.c,8 :: 		
0x00C5	0x1307      	BCF        TRISC6_bit, BitPos(TRISC6_bit+0)
;__Lib_UART_c67.c,10 :: 		
L_UART1_Init0:
0x00C6	0x1283      	BCF        STATUS, 5
0x00C7	0x1E8C      	BTFSS      PIR1, 5
0x00C8	0x28CC      	GOTO       L_UART1_Init1
;__Lib_UART_c67.c,11 :: 		
0x00C9	0x081A      	MOVF       RCREG, 0
0x00CA	0x00F0      	MOVWF      R0
0x00CB	0x28C6      	GOTO       L_UART1_Init0
L_UART1_Init1:
;__Lib_UART_c67.c,12 :: 		
L_end_UART1_Init:
0x00CC	0x0008      	RETURN
; end of _UART1_Init
_PWM1_Start:
;__Lib_PWM_c21.c,51 :: 		
;__Lib_PWM_c21.c,52 :: 		
0x00CD	0x1683      	BSF        STATUS, 5
0x00CE	0x1303      	BCF        STATUS, 6
0x00CF	0x1107      	BCF        TRISC2_bit, BitPos(TRISC2_bit+0)
;__Lib_PWM_c21.c,53 :: 		
0x00D0	0x1283      	BCF        STATUS, 5
0x00D1	0x1512      	BSF        T2CON, 2
;__Lib_PWM_c21.c,54 :: 		
0x00D2	0x300C      	MOVLW      12
0x00D3	0x0497      	IORWF      CCP1CON, 1
;__Lib_PWM_c21.c,55 :: 		
L_end_PWM1_Start:
0x00D4	0x0008      	RETURN
; end of _PWM1_Start
_PWM1_Init:
;__Lib_PWM_c21.c,33 :: 		
;__Lib_PWM_c21.c,34 :: 		
;__Lib_PWM_c21.c,35 :: 		
0x00D5	0x1283      	BCF        STATUS, 5
0x00D6	0x1303      	BCF        STATUS, 6
0x00D7	0x0195      	CLRF       CCPR1L
;__Lib_PWM_c21.c,36 :: 		
0x00D8	0x1217      	BCF        CCP1CON, 4
;__Lib_PWM_c21.c,37 :: 		
0x00D9	0x1297      	BCF        CCP1CON, 5
;__Lib_PWM_c21.c,38 :: 		
L_end_PWM1_Init:
0x00DA	0x0008      	RETURN
; end of _PWM1_Init
_PWM2_Start:
;__Lib_PWM_c21.c,19 :: 		
;__Lib_PWM_c21.c,20 :: 		
0x00DB	0x1683      	BSF        STATUS, 5
0x00DC	0x1303      	BCF        STATUS, 6
0x00DD	0x1087      	BCF        TRISC1_bit, BitPos(TRISC1_bit+0)
;__Lib_PWM_c21.c,21 :: 		
0x00DE	0x1283      	BCF        STATUS, 5
0x00DF	0x1512      	BSF        T2CON, 2
;__Lib_PWM_c21.c,22 :: 		
0x00E0	0x300C      	MOVLW      12
0x00E1	0x049D      	IORWF      CCP2CON, 1
;__Lib_PWM_c21.c,23 :: 		
L_end_PWM2_Start:
0x00E2	0x0008      	RETURN
; end of _PWM2_Start
_motorManager_Init:
;motorManager.c,12 :: 		void motorManager_Init(void)
;motorManager.c,15 :: 		}
L_end_motorManager_Init:
0x00E3	0x0008      	RETURN
; end of _motorManager_Init
_inputManager_UpdateManager:
;inputManager.c,48 :: 		void inputManager_UpdateManager(void)
;inputManager.c,50 :: 		switch(input_manager_state)
0x00E4	0x294B      	GOTO       L_inputManager_UpdateManager4
;inputManager.c,53 :: 		case NO_SIGHT:
L_inputManager_UpdateManager6:
;inputManager.c,55 :: 		PORTB &= ~0x01;
0x00E5	0x1283      	BCF        STATUS, 5
0x00E6	0x1303      	BCF        STATUS, 6
0x00E7	0x1006      	BCF        PORTB, 0
;inputManager.c,56 :: 		PORTB &= ~0x02;
0x00E8	0x1086      	BCF        PORTB, 1
;inputManager.c,58 :: 		if(inputManager_GetSensorBoolLeft() && !inputManager_GetSensorBoolRight())
0x00E9	0x1E06      	BTFSS      PORTB, 4
0x00EA	0x28F1      	GOTO       L_inputManager_UpdateManager9
0x00EB	0x1A86      	BTFSC      PORTB, 5
0x00EC	0x28F1      	GOTO       L_inputManager_UpdateManager9
L__inputManager_UpdateManager61:
;inputManager.c,60 :: 		input_manager_state = LEFT_SIGHT;
0x00ED	0x3001      	MOVLW      1
0x00EE	0x00A0      	MOVWF      _input_manager_state
;inputManager.c,61 :: 		PORTB |= 0x01;
0x00EF	0x1406      	BSF        PORTB, 0
;inputManager.c,62 :: 		}
0x00F0	0x28F8      	GOTO       L_inputManager_UpdateManager10
L_inputManager_UpdateManager9:
;inputManager.c,63 :: 		else if(!inputManager_GetSensorBoolLeft() && inputManager_GetSensorBoolRight())
0x00F1	0x1A06      	BTFSC      PORTB, 4
0x00F2	0x28F8      	GOTO       L_inputManager_UpdateManager13
0x00F3	0x1E86      	BTFSS      PORTB, 5
0x00F4	0x28F8      	GOTO       L_inputManager_UpdateManager13
L__inputManager_UpdateManager60:
;inputManager.c,65 :: 		input_manager_state = RIGHT_SIGHT;
0x00F5	0x3002      	MOVLW      2
0x00F6	0x00A0      	MOVWF      _input_manager_state
;inputManager.c,66 :: 		PORTB |= 0x02;
0x00F7	0x1486      	BSF        PORTB, 1
;inputManager.c,67 :: 		}
L_inputManager_UpdateManager13:
L_inputManager_UpdateManager10:
;inputManager.c,68 :: 		break;
0x00F8	0x295E      	GOTO       L_inputManager_UpdateManager5
;inputManager.c,70 :: 		case LEFT_SIGHT:
L_inputManager_UpdateManager14:
;inputManager.c,73 :: 		if(!inputManager_GetSensorBoolLeft() && !inputManager_GetSensorBoolRight())
0x00F9	0x1A06      	BTFSC      PORTB, 4
0x00FA	0x2901      	GOTO       L_inputManager_UpdateManager17
0x00FB	0x1A86      	BTFSC      PORTB, 5
0x00FC	0x2901      	GOTO       L_inputManager_UpdateManager17
L__inputManager_UpdateManager59:
;inputManager.c,75 :: 		input_manager_state = NO_SIGHT;
0x00FD	0x01A0      	CLRF       _input_manager_state
;inputManager.c,76 :: 		PORTB &= ~0x02;
0x00FE	0x1086      	BCF        PORTB, 1
;inputManager.c,77 :: 		PORTB &= ~0x01;
0x00FF	0x1006      	BCF        PORTB, 0
;inputManager.c,78 :: 		}
0x0100	0x2912      	GOTO       L_inputManager_UpdateManager18
L_inputManager_UpdateManager17:
;inputManager.c,79 :: 		else if(!inputManager_GetSensorBoolLeft() && inputManager_GetSensorBoolRight())
0x0101	0x1A06      	BTFSC      PORTB, 4
0x0102	0x290A      	GOTO       L_inputManager_UpdateManager21
0x0103	0x1E86      	BTFSS      PORTB, 5
0x0104	0x290A      	GOTO       L_inputManager_UpdateManager21
L__inputManager_UpdateManager58:
;inputManager.c,81 :: 		input_manager_state = RIGHT_SIGHT;
0x0105	0x3002      	MOVLW      2
0x0106	0x00A0      	MOVWF      _input_manager_state
;inputManager.c,82 :: 		PORTB |= 0x02;
0x0107	0x1486      	BSF        PORTB, 1
;inputManager.c,83 :: 		PORTB &= ~0x01;
0x0108	0x1006      	BCF        PORTB, 0
;inputManager.c,84 :: 		}
0x0109	0x2912      	GOTO       L_inputManager_UpdateManager22
L_inputManager_UpdateManager21:
;inputManager.c,85 :: 		else if(inputManager_GetSensorBoolLeft() && inputManager_GetSensorBoolRight())
0x010A	0x1E06      	BTFSS      PORTB, 4
0x010B	0x2912      	GOTO       L_inputManager_UpdateManager25
0x010C	0x1E86      	BTFSS      PORTB, 5
0x010D	0x2912      	GOTO       L_inputManager_UpdateManager25
L__inputManager_UpdateManager57:
;inputManager.c,87 :: 		input_manager_state = BOTH_SIGHT;
0x010E	0x3003      	MOVLW      3
0x010F	0x00A0      	MOVWF      _input_manager_state
;inputManager.c,88 :: 		PORTB |= 0x02;
0x0110	0x1486      	BSF        PORTB, 1
;inputManager.c,89 :: 		PORTB |= 0x01;
0x0111	0x1406      	BSF        PORTB, 0
;inputManager.c,91 :: 		}
L_inputManager_UpdateManager25:
L_inputManager_UpdateManager22:
L_inputManager_UpdateManager18:
;inputManager.c,93 :: 		break;
0x0112	0x295E      	GOTO       L_inputManager_UpdateManager5
;inputManager.c,96 :: 		case RIGHT_SIGHT:
L_inputManager_UpdateManager26:
;inputManager.c,99 :: 		if(!inputManager_GetSensorBoolLeft() && !inputManager_GetSensorBoolRight())
0x0113	0x1A06      	BTFSC      PORTB, 4
0x0114	0x291B      	GOTO       L_inputManager_UpdateManager29
0x0115	0x1A86      	BTFSC      PORTB, 5
0x0116	0x291B      	GOTO       L_inputManager_UpdateManager29
L__inputManager_UpdateManager56:
;inputManager.c,101 :: 		input_manager_state = NO_SIGHT;
0x0117	0x01A0      	CLRF       _input_manager_state
;inputManager.c,102 :: 		PORTB &= ~0x02;
0x0118	0x1086      	BCF        PORTB, 1
;inputManager.c,103 :: 		PORTB &= ~0x01;
0x0119	0x1006      	BCF        PORTB, 0
;inputManager.c,104 :: 		}
0x011A	0x292C      	GOTO       L_inputManager_UpdateManager30
L_inputManager_UpdateManager29:
;inputManager.c,105 :: 		else if(inputManager_GetSensorBoolLeft() && !inputManager_GetSensorBoolRight())
0x011B	0x1E06      	BTFSS      PORTB, 4
0x011C	0x2924      	GOTO       L_inputManager_UpdateManager33
0x011D	0x1A86      	BTFSC      PORTB, 5
0x011E	0x2924      	GOTO       L_inputManager_UpdateManager33
L__inputManager_UpdateManager55:
;inputManager.c,107 :: 		input_manager_state = LEFT_SIGHT;
0x011F	0x3001      	MOVLW      1
0x0120	0x00A0      	MOVWF      _input_manager_state
;inputManager.c,108 :: 		PORTB &= ~0x02;
0x0121	0x1086      	BCF        PORTB, 1
;inputManager.c,109 :: 		PORTB |= 0x01;
0x0122	0x1406      	BSF        PORTB, 0
;inputManager.c,110 :: 		}
0x0123	0x292C      	GOTO       L_inputManager_UpdateManager34
L_inputManager_UpdateManager33:
;inputManager.c,111 :: 		else if(inputManager_GetSensorBoolLeft() && inputManager_GetSensorBoolRight())
0x0124	0x1E06      	BTFSS      PORTB, 4
0x0125	0x292C      	GOTO       L_inputManager_UpdateManager37
0x0126	0x1E86      	BTFSS      PORTB, 5
0x0127	0x292C      	GOTO       L_inputManager_UpdateManager37
L__inputManager_UpdateManager54:
;inputManager.c,113 :: 		input_manager_state = BOTH_SIGHT;
0x0128	0x3003      	MOVLW      3
0x0129	0x00A0      	MOVWF      _input_manager_state
;inputManager.c,114 :: 		PORTB |= 0x02;
0x012A	0x1486      	BSF        PORTB, 1
;inputManager.c,115 :: 		PORTB |= 0x01;
0x012B	0x1406      	BSF        PORTB, 0
;inputManager.c,116 :: 		}
L_inputManager_UpdateManager37:
L_inputManager_UpdateManager34:
L_inputManager_UpdateManager30:
;inputManager.c,118 :: 		break;
0x012C	0x295E      	GOTO       L_inputManager_UpdateManager5
;inputManager.c,120 :: 		case BOTH_SIGHT:
L_inputManager_UpdateManager38:
;inputManager.c,122 :: 		if(inputManager_GetSensorBoolLeft() && !inputManager_GetSensorBoolRight())
0x012D	0x1E06      	BTFSS      PORTB, 4
0x012E	0x2936      	GOTO       L_inputManager_UpdateManager41
0x012F	0x1A86      	BTFSC      PORTB, 5
0x0130	0x2936      	GOTO       L_inputManager_UpdateManager41
L__inputManager_UpdateManager53:
;inputManager.c,124 :: 		input_manager_state = LEFT_SIGHT;
0x0131	0x3001      	MOVLW      1
0x0132	0x00A0      	MOVWF      _input_manager_state
;inputManager.c,125 :: 		PORTB &= ~0x02;
0x0133	0x1086      	BCF        PORTB, 1
;inputManager.c,126 :: 		PORTB |= 0x01;
0x0134	0x1406      	BSF        PORTB, 0
;inputManager.c,127 :: 		}
0x0135	0x2946      	GOTO       L_inputManager_UpdateManager42
L_inputManager_UpdateManager41:
;inputManager.c,128 :: 		else if(!inputManager_GetSensorBoolLeft() && inputManager_GetSensorBoolRight())
0x0136	0x1A06      	BTFSC      PORTB, 4
0x0137	0x293F      	GOTO       L_inputManager_UpdateManager45
0x0138	0x1E86      	BTFSS      PORTB, 5
0x0139	0x293F      	GOTO       L_inputManager_UpdateManager45
L__inputManager_UpdateManager52:
;inputManager.c,130 :: 		input_manager_state = RIGHT_SIGHT;
0x013A	0x3002      	MOVLW      2
0x013B	0x00A0      	MOVWF      _input_manager_state
;inputManager.c,131 :: 		PORTB |= 0x02;
0x013C	0x1486      	BSF        PORTB, 1
;inputManager.c,132 :: 		PORTB &= ~0x01;
0x013D	0x1006      	BCF        PORTB, 0
;inputManager.c,133 :: 		}
0x013E	0x2946      	GOTO       L_inputManager_UpdateManager46
L_inputManager_UpdateManager45:
;inputManager.c,134 :: 		else if(!inputManager_GetSensorBoolLeft() && !inputManager_GetSensorBoolRight())
0x013F	0x1A06      	BTFSC      PORTB, 4
0x0140	0x2946      	GOTO       L_inputManager_UpdateManager49
0x0141	0x1A86      	BTFSC      PORTB, 5
0x0142	0x2946      	GOTO       L_inputManager_UpdateManager49
L__inputManager_UpdateManager51:
;inputManager.c,136 :: 		input_manager_state = NO_SIGHT;
0x0143	0x01A0      	CLRF       _input_manager_state
;inputManager.c,137 :: 		PORTB |= 0x02;
0x0144	0x1486      	BSF        PORTB, 1
;inputManager.c,138 :: 		PORTB |= 0x01;
0x0145	0x1406      	BSF        PORTB, 0
;inputManager.c,139 :: 		}
L_inputManager_UpdateManager49:
L_inputManager_UpdateManager46:
L_inputManager_UpdateManager42:
;inputManager.c,140 :: 		break;
0x0146	0x295E      	GOTO       L_inputManager_UpdateManager5
;inputManager.c,142 :: 		default:
L_inputManager_UpdateManager50:
;inputManager.c,143 :: 		input_manager_state = NO_SIGHT;
0x0147	0x01A0      	CLRF       _input_manager_state
;inputManager.c,144 :: 		PORTB &= ~0x02;
0x0148	0x1086      	BCF        PORTB, 1
;inputManager.c,145 :: 		PORTB &= ~0x01;
0x0149	0x1006      	BCF        PORTB, 0
;inputManager.c,146 :: 		break;
0x014A	0x295E      	GOTO       L_inputManager_UpdateManager5
;inputManager.c,147 :: 		}
L_inputManager_UpdateManager4:
0x014B	0x1283      	BCF        STATUS, 5
0x014C	0x1303      	BCF        STATUS, 6
0x014D	0x0820      	MOVF       _input_manager_state, 0
0x014E	0x3A00      	XORLW      0
0x014F	0x1903      	BTFSC      STATUS, 2
0x0150	0x28E5      	GOTO       L_inputManager_UpdateManager6
0x0151	0x0820      	MOVF       _input_manager_state, 0
0x0152	0x3A01      	XORLW      1
0x0153	0x1903      	BTFSC      STATUS, 2
0x0154	0x28F9      	GOTO       L_inputManager_UpdateManager14
0x0155	0x0820      	MOVF       _input_manager_state, 0
0x0156	0x3A02      	XORLW      2
0x0157	0x1903      	BTFSC      STATUS, 2
0x0158	0x2913      	GOTO       L_inputManager_UpdateManager26
0x0159	0x0820      	MOVF       _input_manager_state, 0
0x015A	0x3A03      	XORLW      3
0x015B	0x1903      	BTFSC      STATUS, 2
0x015C	0x292D      	GOTO       L_inputManager_UpdateManager38
0x015D	0x2947      	GOTO       L_inputManager_UpdateManager50
L_inputManager_UpdateManager5:
;inputManager.c,150 :: 		}
L_end_inputManager_UpdateManager:
0x015E	0x0008      	RETURN
; end of _inputManager_UpdateManager
___CC2DW:
;__Lib_System.c,134 :: 		
;__Lib_System.c,137 :: 		
_CC2D_Loop1:
;__Lib_System.c,139 :: 		
0x015F	0x2033      	CALL       _____DoICP
0x0160	0x118A      	BCF        PCLATH, 3
0x0161	0x120A      	BCF        PCLATH, 4
;__Lib_System.c,141 :: 		
0x0162	0x0080      	MOVWF      INDF
;__Lib_System.c,142 :: 		
0x0163	0x0A84      	INCF       FSR, 1
;__Lib_System.c,143 :: 		
0x0164	0x0AA2      	INCF       ___DoICPAddr, 1
;__Lib_System.c,145 :: 		
0x0165	0x1903      	BTFSC      STATUS, 2
;__Lib_System.c,146 :: 		
0x0166	0x0AA3      	INCF       ___DoICPAddr+1, 1
;__Lib_System.c,147 :: 		
0x0167	0x03F0      	DECF       R0, 1
;__Lib_System.c,149 :: 		
0x0168	0x1D03      	BTFSS      STATUS, 2
;__Lib_System.c,150 :: 		
0x0169	0x295F      	GOTO       _CC2D_Loop1
;__Lib_System.c,152 :: 		
L_end___CC2DW:
0x016A	0x0008      	RETURN
; end of ___CC2DW
_uart_debug_Update:
;uart_debug.c,10 :: 		void uart_debug_Update(void)
;uart_debug.c,14 :: 		Delay_ms(50);
0x016B	0x3002      	MOVLW      2
0x016C	0x1283      	BCF        STATUS, 5
0x016D	0x1303      	BCF        STATUS, 6
0x016E	0x00FB      	MOVWF      R11
0x016F	0x3045      	MOVLW      69
0x0170	0x00FC      	MOVWF      R12
0x0171	0x30A9      	MOVLW      169
0x0172	0x00FD      	MOVWF      R13
L_uart_debug_Update0:
0x0173	0x0BFD      	DECFSZ     R13, 1
0x0174	0x2973      	GOTO       L_uart_debug_Update0
0x0175	0x0BFC      	DECFSZ     R12, 1
0x0176	0x2973      	GOTO       L_uart_debug_Update0
0x0177	0x0BFB      	DECFSZ     R11, 1
0x0178	0x2973      	GOTO       L_uart_debug_Update0
0x0179	0x0000      	NOP
0x017A	0x0000      	NOP
;uart_debug.c,15 :: 		UART1_Write(0x65);
0x017B	0x3065      	MOVLW      101
0x017C	0x00A8      	MOVWF      FARG_UART1_Write_data_
0x017D	0x203F      	CALL       _UART1_Write
;uart_debug.c,17 :: 		Delay_ms(50);
0x017E	0x3002      	MOVLW      2
0x017F	0x00FB      	MOVWF      R11
0x0180	0x3045      	MOVLW      69
0x0181	0x00FC      	MOVWF      R12
0x0182	0x30A9      	MOVLW      169
0x0183	0x00FD      	MOVWF      R13
L_uart_debug_Update1:
0x0184	0x0BFD      	DECFSZ     R13, 1
0x0185	0x2984      	GOTO       L_uart_debug_Update1
0x0186	0x0BFC      	DECFSZ     R12, 1
0x0187	0x2984      	GOTO       L_uart_debug_Update1
0x0188	0x0BFB      	DECFSZ     R11, 1
0x0189	0x2984      	GOTO       L_uart_debug_Update1
0x018A	0x0000      	NOP
0x018B	0x0000      	NOP
;uart_debug.c,18 :: 		UART1_Write(1);
0x018C	0x3001      	MOVLW      1
0x018D	0x00A8      	MOVWF      FARG_UART1_Write_data_
0x018E	0x203F      	CALL       _UART1_Write
;uart_debug.c,19 :: 		Delay_ms(50);
0x018F	0x3002      	MOVLW      2
0x0190	0x00FB      	MOVWF      R11
0x0191	0x3045      	MOVLW      69
0x0192	0x00FC      	MOVWF      R12
0x0193	0x30A9      	MOVLW      169
0x0194	0x00FD      	MOVWF      R13
L_uart_debug_Update2:
0x0195	0x0BFD      	DECFSZ     R13, 1
0x0196	0x2995      	GOTO       L_uart_debug_Update2
0x0197	0x0BFC      	DECFSZ     R12, 1
0x0198	0x2995      	GOTO       L_uart_debug_Update2
0x0199	0x0BFB      	DECFSZ     R11, 1
0x019A	0x2995      	GOTO       L_uart_debug_Update2
0x019B	0x0000      	NOP
0x019C	0x0000      	NOP
;uart_debug.c,20 :: 		UART1_Write(inputManager_GetState());
0x019D	0x203A      	CALL       _inputManager_GetState
0x019E	0x0870      	MOVF       R0, 0
0x019F	0x00A8      	MOVWF      FARG_UART1_Write_data_
0x01A0	0x203F      	CALL       _UART1_Write
;uart_debug.c,22 :: 		Delay_ms(50);
0x01A1	0x3002      	MOVLW      2
0x01A2	0x00FB      	MOVWF      R11
0x01A3	0x3045      	MOVLW      69
0x01A4	0x00FC      	MOVWF      R12
0x01A5	0x30A9      	MOVLW      169
0x01A6	0x00FD      	MOVWF      R13
L_uart_debug_Update3:
0x01A7	0x0BFD      	DECFSZ     R13, 1
0x01A8	0x29A7      	GOTO       L_uart_debug_Update3
0x01A9	0x0BFC      	DECFSZ     R12, 1
0x01AA	0x29A7      	GOTO       L_uart_debug_Update3
0x01AB	0x0BFB      	DECFSZ     R11, 1
0x01AC	0x29A7      	GOTO       L_uart_debug_Update3
0x01AD	0x0000      	NOP
0x01AE	0x0000      	NOP
;uart_debug.c,23 :: 		UART1_Write(0x65);
0x01AF	0x3065      	MOVLW      101
0x01B0	0x00A8      	MOVWF      FARG_UART1_Write_data_
0x01B1	0x203F      	CALL       _UART1_Write
;uart_debug.c,24 :: 		Delay_ms(50);
0x01B2	0x3002      	MOVLW      2
0x01B3	0x00FB      	MOVWF      R11
0x01B4	0x3045      	MOVLW      69
0x01B5	0x00FC      	MOVWF      R12
0x01B6	0x30A9      	MOVLW      169
0x01B7	0x00FD      	MOVWF      R13
L_uart_debug_Update4:
0x01B8	0x0BFD      	DECFSZ     R13, 1
0x01B9	0x29B8      	GOTO       L_uart_debug_Update4
0x01BA	0x0BFC      	DECFSZ     R12, 1
0x01BB	0x29B8      	GOTO       L_uart_debug_Update4
0x01BC	0x0BFB      	DECFSZ     R11, 1
0x01BD	0x29B8      	GOTO       L_uart_debug_Update4
0x01BE	0x0000      	NOP
0x01BF	0x0000      	NOP
;uart_debug.c,25 :: 		UART1_Write(2);
0x01C0	0x3002      	MOVLW      2
0x01C1	0x00A8      	MOVWF      FARG_UART1_Write_data_
0x01C2	0x203F      	CALL       _UART1_Write
;uart_debug.c,26 :: 		Delay_ms(50);
0x01C3	0x3002      	MOVLW      2
0x01C4	0x00FB      	MOVWF      R11
0x01C5	0x3045      	MOVLW      69
0x01C6	0x00FC      	MOVWF      R12
0x01C7	0x30A9      	MOVLW      169
0x01C8	0x00FD      	MOVWF      R13
L_uart_debug_Update5:
0x01C9	0x0BFD      	DECFSZ     R13, 1
0x01CA	0x29C9      	GOTO       L_uart_debug_Update5
0x01CB	0x0BFC      	DECFSZ     R12, 1
0x01CC	0x29C9      	GOTO       L_uart_debug_Update5
0x01CD	0x0BFB      	DECFSZ     R11, 1
0x01CE	0x29C9      	GOTO       L_uart_debug_Update5
0x01CF	0x0000      	NOP
0x01D0	0x0000      	NOP
;uart_debug.c,27 :: 		UART1_Write(motorManager_GetState());
0x01D1	0x202E      	CALL       _motorManager_GetState
0x01D2	0x0870      	MOVF       R0, 0
0x01D3	0x00A8      	MOVWF      FARG_UART1_Write_data_
0x01D4	0x203F      	CALL       _UART1_Write
;uart_debug.c,30 :: 		}
L_end_uart_debug_Update:
0x01D5	0x0008      	RETURN
; end of _uart_debug_Update
_motorManager_UpdateManager2:
;motorManager.c,145 :: 		void motorManager_UpdateManager2(void)
;motorManager.c,176 :: 		PORTB |= 0x04;
0x01D6	0x1283      	BCF        STATUS, 5
0x01D7	0x1303      	BCF        STATUS, 6
0x01D8	0x1506      	BSF        PORTB, 2
;motorManager.c,177 :: 		PORTB &= ~0x08;
0x01D9	0x1186      	BCF        PORTB, 3
;motorManager.c,178 :: 		PWM1_Set_Duty(204);
0x01DA	0x30CC      	MOVLW      204
0x01DB	0x00A8      	MOVWF      FARG_PWM1_Set_Duty_new_duty
0x01DC	0x2083      	CALL       _PWM1_Set_Duty
;motorManager.c,179 :: 		PWM2_Set_Duty(204);
0x01DD	0x30CC      	MOVLW      204
0x01DE	0x00A8      	MOVWF      FARG_PWM2_Set_Duty_new_duty
0x01DF	0x2049      	CALL       _PWM2_Set_Duty
;motorManager.c,181 :: 		DELAY_MS(3000);
0x01E0	0x304D      	MOVLW      77
0x01E1	0x00FB      	MOVWF      R11
0x01E2	0x3019      	MOVLW      25
0x01E3	0x00FC      	MOVWF      R12
0x01E4	0x304F      	MOVLW      79
0x01E5	0x00FD      	MOVWF      R13
L_motorManager_UpdateManager228:
0x01E6	0x0BFD      	DECFSZ     R13, 1
0x01E7	0x29E6      	GOTO       L_motorManager_UpdateManager228
0x01E8	0x0BFC      	DECFSZ     R12, 1
0x01E9	0x29E6      	GOTO       L_motorManager_UpdateManager228
0x01EA	0x0BFB      	DECFSZ     R11, 1
0x01EB	0x29E6      	GOTO       L_motorManager_UpdateManager228
0x01EC	0x0000      	NOP
0x01ED	0x0000      	NOP
;motorManager.c,183 :: 		PORTB &= ~0x04;
0x01EE	0x1106      	BCF        PORTB, 2
;motorManager.c,184 :: 		PORTB |= 0x08;
0x01EF	0x1586      	BSF        PORTB, 3
;motorManager.c,185 :: 		PWM1_Set_Duty(204);
0x01F0	0x30CC      	MOVLW      204
0x01F1	0x00A8      	MOVWF      FARG_PWM1_Set_Duty_new_duty
0x01F2	0x2083      	CALL       _PWM1_Set_Duty
;motorManager.c,186 :: 		PWM2_Set_Duty(204);
0x01F3	0x30CC      	MOVLW      204
0x01F4	0x00A8      	MOVWF      FARG_PWM2_Set_Duty_new_duty
0x01F5	0x2049      	CALL       _PWM2_Set_Duty
;motorManager.c,188 :: 		DELAY_MS(3000);
0x01F6	0x304D      	MOVLW      77
0x01F7	0x00FB      	MOVWF      R11
0x01F8	0x3019      	MOVLW      25
0x01F9	0x00FC      	MOVWF      R12
0x01FA	0x304F      	MOVLW      79
0x01FB	0x00FD      	MOVWF      R13
L_motorManager_UpdateManager229:
0x01FC	0x0BFD      	DECFSZ     R13, 1
0x01FD	0x29FC      	GOTO       L_motorManager_UpdateManager229
0x01FE	0x0BFC      	DECFSZ     R12, 1
0x01FF	0x29FC      	GOTO       L_motorManager_UpdateManager229
0x0200	0x0BFB      	DECFSZ     R11, 1
0x0201	0x29FC      	GOTO       L_motorManager_UpdateManager229
0x0202	0x0000      	NOP
0x0203	0x0000      	NOP
;motorManager.c,192 :: 		}
L_end_motorManager_UpdateManager2:
0x0204	0x0008      	RETURN
; end of _motorManager_UpdateManager2
_PWM2_Init:
;__Lib_PWM_c21.c,1 :: 		
;__Lib_PWM_c21.c,2 :: 		
;__Lib_PWM_c21.c,3 :: 		
0x0205	0x1283      	BCF        STATUS, 5
0x0206	0x1303      	BCF        STATUS, 6
0x0207	0x019B      	CLRF       CCPR2L
;__Lib_PWM_c21.c,4 :: 		
0x0208	0x121D      	BCF        CCP2CON, 4
;__Lib_PWM_c21.c,5 :: 		
0x0209	0x129D      	BCF        CCP2CON, 5
;__Lib_PWM_c21.c,6 :: 		
L_end_PWM2_Init:
0x020A	0x0008      	RETURN
; end of _PWM2_Init
_inputManager_Init:
;inputManager.c,11 :: 		void inputManager_Init(void)
;inputManager.c,13 :: 		}
L_end_inputManager_Init:
0x020B	0x0008      	RETURN
; end of _inputManager_Init
_uart_debug_Init:
;uart_debug.c,5 :: 		void uart_debug_Init(void)
;uart_debug.c,8 :: 		}
L_end_uart_debug_Init:
0x020C	0x0008      	RETURN
; end of _uart_debug_Init
_main:
0x020D	0x2246      	CALL       582
;Sumobot_simple.c,13 :: 		void main() {
;Sumobot_simple.c,15 :: 		TRISB =0xF0; // Set to Output   RB0 to RB3 to Output and RB4 to RB7 to  Output
0x020E	0x30F0      	MOVLW      240
0x020F	0x1683      	BSF        STATUS, 5
0x0210	0x1303      	BCF        STATUS, 6
0x0211	0x0086      	MOVWF      TRISB
;Sumobot_simple.c,16 :: 		PWM1_Init(5000);
0x0212	0x1283      	BCF        STATUS, 5
0x0213	0x1412      	BSF        T2CON, 0
0x0214	0x1092      	BCF        T2CON, 1
0x0215	0x30F9      	MOVLW      249
0x0216	0x1683      	BSF        STATUS, 5
0x0217	0x0092      	MOVWF      PR2
0x0218	0x20D5      	CALL       _PWM1_Init
;Sumobot_simple.c,17 :: 		PWM2_Init(5000);
0x0219	0x1412      	BSF        T2CON, 0
0x021A	0x1092      	BCF        T2CON, 1
0x021B	0x30F9      	MOVLW      249
0x021C	0x1683      	BSF        STATUS, 5
0x021D	0x0092      	MOVWF      PR2
0x021E	0x2205      	CALL       _PWM2_Init
;Sumobot_simple.c,19 :: 		PORTB =0;
0x021F	0x0186      	CLRF       PORTB
;Sumobot_simple.c,20 :: 		uart_debug_Init();
0x0220	0x220C      	CALL       _uart_debug_Init
;Sumobot_simple.c,21 :: 		inputManager_Init();
0x0221	0x220B      	CALL       _inputManager_Init
;Sumobot_simple.c,22 :: 		motorManager_Init();
0x0222	0x20E3      	CALL       _motorManager_Init
;Sumobot_simple.c,23 :: 		PWM1_Start();
0x0223	0x20CD      	CALL       _PWM1_Start
;Sumobot_simple.c,24 :: 		PWM2_Start();
0x0224	0x20DB      	CALL       _PWM2_Start
;Sumobot_simple.c,26 :: 		UART1_Init(9600);
0x0225	0x3081      	MOVLW      129
0x0226	0x1683      	BSF        STATUS, 5
0x0227	0x0099      	MOVWF      SPBRG
0x0228	0x1518      	BSF        TXSTA, 2
0x0229	0x20BD      	CALL       _UART1_Init
;Sumobot_simple.c,27 :: 		RCSTA |= 0x80;
0x022A	0x1798      	BSF        RCSTA, 7
;Sumobot_simple.c,29 :: 		Delay_ms(100);
0x022B	0x3003      	MOVLW      3
0x022C	0x00FB      	MOVWF      R11
0x022D	0x308A      	MOVLW      138
0x022E	0x00FC      	MOVWF      R12
0x022F	0x3055      	MOVLW      85
0x0230	0x00FD      	MOVWF      R13
L_main0:
0x0231	0x0BFD      	DECFSZ     R13, 1
0x0232	0x2A31      	GOTO       L_main0
0x0233	0x0BFC      	DECFSZ     R12, 1
0x0234	0x2A31      	GOTO       L_main0
0x0235	0x0BFB      	DECFSZ     R11, 1
0x0236	0x2A31      	GOTO       L_main0
0x0237	0x0000      	NOP
0x0238	0x0000      	NOP
;Sumobot_simple.c,31 :: 		for(;;)
L_main1:
;Sumobot_simple.c,33 :: 		inputManager_UpdateManager();
0x0239	0x20E4      	CALL       _inputManager_UpdateManager
;Sumobot_simple.c,34 :: 		motorManager_UpdateManager2();
0x023A	0x21D6      	CALL       _motorManager_UpdateManager2
;Sumobot_simple.c,36 :: 		uart_debug_Update();
0x023B	0x216B      	CALL       _uart_debug_Update
;Sumobot_simple.c,42 :: 		}
0x023C	0x2A39      	GOTO       L_main1
;Sumobot_simple.c,49 :: 		}
L_end_main:
0x023D	0x2A3D      	GOTO       $+0
; end of _main
0x0246	0x3020      	MOVLW      32
0x0247	0x0084      	MOVWF      FSR
0x0248	0x3002      	MOVLW      2
0x0249	0x1283      	BCF        STATUS, 5
0x024A	0x1303      	BCF        STATUS, 6
0x024B	0x00F0      	MOVWF      R0
0x024C	0x3043      	MOVLW      67
0x024D	0x00A2      	MOVWF      ___DoICPAddr
0x024E	0x3002      	MOVLW      2
0x024F	0x00A3      	MOVWF      35
0x0250	0x215F      	CALL       351
0x0251	0x0008      	RETURN
;inputManager.c,0 :: ?ICS_input_manager_state
0x0243	0x3400 ;?ICS_input_manager_state+0
; end of ?ICS_input_manager_state
;motorManager.c,0 :: ?ICS_motor_manager_state
0x0244	0x3400 ;?ICS_motor_manager_state+0
; end of ?ICS_motor_manager_state
Symbol List:
//** Routines locations **
//ADDRESS    SIZE    PROCEDURE
//----------------------------------------------
0x0003      [43]    _Mul_16x16_U
0x002E       [5]    _motorManager_GetState
0x0033       [7]    _____DoICP
0x003A       [5]    _inputManager_GetState
0x003F      [10]    _UART1_Write
0x0049      [58]    _PWM2_Set_Duty
0x0083      [58]    _PWM1_Set_Duty
0x00BD      [16]    _UART1_Init
0x00CD       [8]    _PWM1_Start
0x00D5       [6]    _PWM1_Init
0x00DB       [8]    _PWM2_Start
0x00E3       [1]    _motorManager_Init
0x00E4     [123]    _inputManager_UpdateManager
0x015F      [12]    ___CC2DW
0x016B     [107]    _uart_debug_Update
0x01D6      [47]    _motorManager_UpdateManager2
0x0205       [6]    _PWM2_Init
0x020B       [1]    _inputManager_Init
0x020C       [1]    _uart_debug_Init
0x020D      [48]    _main
//** Variables locations ** 
//ADDRESS    SIZE    VARIABLE
//----------------------------------------------
0x0000       [1]    INDF
0x0002       [1]    PCL
0x0003       [1]    STATUS
0x0004       [1]    FSR
0x0006       [1]    PORTB
0x000A       [1]    PCLATH
0x000C       [1]    PIR1
0x0012       [1]    T2CON
0x0015       [1]    CCPR1L
0x0017       [1]    CCP1CON
0x0018       [1]    RCSTA
0x0019       [1]    TXREG
0x001A       [1]    RCREG
0x001B       [1]    CCPR2L
0x001D       [1]    CCP2CON
0x0020       [1]    _input_manager_state
0x0021       [1]    _motor_manager_state
0x0022       [2]    ___DoICPAddr
0x0024       [4]    FARG_PWM2_Init_PWM_Freq
0x0024       [4]    FARG_PWM1_Init_PWM_Freq
0x0028       [1]    FARG_PWM1_Set_Duty_new_duty
0x0028       [1]    FARG_PWM2_Set_Duty_new_duty
0x0028       [1]    FARG_UART1_Write_data_
0x0070       [1]    R0
0x0071       [1]    R1
0x0072       [1]    R2
0x0073       [1]    R3
0x0074       [1]    R4
0x0075       [1]    R5
0x0076       [1]    R6
0x0077       [1]    R7
0x0078       [1]    R8
0x0079       [1]    R9
0x007A       [1]    R10
0x007B       [1]    R11
0x007C       [1]    R12
0x007D       [1]    R13
0x007E       [1]    R14
0x007F       [1]    R15
0x0086       [1]    TRISB
0x0087       [0]    TRISC1_bit
0x0087       [0]    TRISC2_bit
0x0087       [0]    TRISC6_bit
0x0087       [0]    TRISC7_bit
0x0092       [1]    PR2
0x0098       [1]    TXSTA
0x0099       [1]    SPBRG
//** Constants locations ** 
//ADDRESS    SIZE    CONSTANT
//----------------------------------------------
0x0243       [1]    ?ICS_input_manager_state
0x0244       [1]    ?ICS_motor_manager_state
//** Label List: ** 
//----------------------------------------------
  L_inputManager_UpdateManager20
  L_inputManager_UpdateManager21
  L_inputManager_UpdateManager22
  L_inputManager_UpdateManager23
  L_inputManager_UpdateManager4
  L_inputManager_UpdateManager5
  L_inputManager_UpdateManager6
  L_inputManager_UpdateManager7
  L_inputManager_UpdateManager8
  L_inputManager_UpdateManager9
  L_inputManager_UpdateManager10
  L_inputManager_UpdateManager11
  L_inputManager_UpdateManager12
  L_inputManager_UpdateManager13
  L_inputManager_UpdateManager14
  L_inputManager_UpdateManager15
  L_inputManager_UpdateManager16
  L_inputManager_UpdateManager17
  L_inputManager_UpdateManager18
  L_inputManager_UpdateManager19
  L_inputManager_UpdateManager20
  L_inputManager_UpdateManager21
  L_inputManager_UpdateManager22
  L_inputManager_UpdateManager23
  L_inputManager_UpdateManager24
  L_inputManager_UpdateManager25
  L_inputManager_UpdateManager26
  L_inputManager_UpdateManager27
  L_inputManager_UpdateManager28
  L_inputManager_UpdateManager29
  L_inputManager_UpdateManager30
  L_inputManager_UpdateManager31
  L_inputManager_UpdateManager32
  L_inputManager_UpdateManager33
  L_inputManager_UpdateManager34
  L_inputManager_UpdateManager35
  L_inputManager_UpdateManager36
  L_inputManager_UpdateManager37
  L_inputManager_UpdateManager38
  L_inputManager_UpdateManager39
  L_inputManager_UpdateManager40
  L_inputManager_UpdateManager41
  L_inputManager_UpdateManager42
  L_inputManager_UpdateManager43
  L_inputManager_UpdateManager44
  L_inputManager_UpdateManager45
  L_inputManager_UpdateManager46
  L_inputManager_UpdateManager47
  L_inputManager_UpdateManager48
  L_inputManager_UpdateManager49
  L_inputManager_UpdateManager50
  L__inputManager_UpdateManager51
  L__inputManager_UpdateManager52
  L__inputManager_UpdateManager53
  L__inputManager_UpdateManager54
  L__inputManager_UpdateManager55
  L__inputManager_UpdateManager56
  L__inputManager_UpdateManager57
  L__inputManager_UpdateManager58
  L__inputManager_UpdateManager59
  L__inputManager_UpdateManager60
  L__inputManager_UpdateManager61
  L_end_inputManager_GetState
  _inputManager_GetState
  L_end_inputManager_Init
  _inputManager_Init
  L_end_inputManager_UpdateManager2
  _inputManager_UpdateManager2
  L_end_inputManager_UpdateManager
  _inputManager_UpdateManager
  L_motorManager_UpdateManager0
  L_motorManager_UpdateManager1
  L_motorManager_UpdateManager2
  L_motorManager_UpdateManager3
  L_motorManager_UpdateManager4
  L_motorManager_UpdateManager5
  L_motorManager_UpdateManager6
  L_motorManager_UpdateManager7
  L_motorManager_UpdateManager8
  L_motorManager_UpdateManager9
  L_motorManager_UpdateManager10
  L_motorManager_UpdateManager11
  L_motorManager_UpdateManager12
  L_motorManager_UpdateManager13
  L_motorManager_UpdateManager14
  L_motorManager_UpdateManager15
  L_motorManager_UpdateManager16
  L_motorManager_UpdateManager17
  L_motorManager_UpdateManager18
  L_motorManager_UpdateManager19
  L_motorManager_UpdateManager20
  L_motorManager_UpdateManager21
  L_motorManager_UpdateManager22
  L_motorManager_UpdateManager23
  L_motorManager_UpdateManager24
  L_motorManager_UpdateManager25
  L_motorManager_UpdateManager26
  L_motorManager_UpdateManager27
  L_motorManager_UpdateManager228
  L_motorManager_UpdateManager229
  L_end_motorManager_GetState
  _motorManager_GetState
  L_end_motorManager_Init
  _motorManager_Init
  L_end_motorManager_UpdateManager
  _motorManager_UpdateManager
  L_end_motorManager_UpdateManager2
  _motorManager_UpdateManager2
  L_main0
  L_main1
  L_main2
  L_main3
  L_end_main
  _main
  L_uart_debug_Update0
  L_uart_debug_Update1
  L_uart_debug_Update2
  L_uart_debug_Update3
  L_uart_debug_Update4
  L_uart_debug_Update5
  L_end_uart_debug_Init
  _uart_debug_Init
  L_end_uart_debug_Update
  _uart_debug_Update
  L_Div_16x16_S0
  L_Div_16x16_S1
  LOOPS3232A
  SADD22LA
  SOK22LA
  SADD22L8
  SOK22L8
  LOOPS3232B
  SADD22LB
  SOK22LB
  SADD22L16
  SOK22L16
  LOOPS3232C
  SADD22LC
  SOK22LC
  SADD22L24
  SOK22L24
  LOOPS3232D
  SADD22LD
  SOK22LD
  SOK22L
  L_Div_32x32_S6
  L_Div_32x32_S7
  L_Div_32x32_S8
  L_Div_32x32_S9
  FXD3232S
  END_ALL
  CA3232S
  C3232SX
  C3232SX1
  C3232S
  C3232S2
  C3232SX4
  C3232SOK
  C3232SX3
  C3232SX2
  avoid_comfrem
  LOOPU3232A
  UADD22LA
  UOK22LA
  UADD22L8
  UOK22L8
  LOOPU3232B
  UADD22LB
  UOK22LB
  UADD22L16
  UOK22L16
  LOOPU3232C
  UADD22LC
  UOK22LC
  UADD22L24
  UOK22L24
  LOOPU3232D
  UADD22LD
  UOK22LD
  UOK22L
  _NEXT
  _EXIT2
  _LOOP
  _EXIT1
  _IF_FIRST
  _IF_SECOND
  _INVERCE_FIRST
  _MULT
  _INBERSE_SECOND
  _EXIT
  L_end_Mul_8x8_U
  _Mul_8x8_U
  L_end_Mul_16x16_U
  _Mul_16x16_U
  L_end_Div_8x8_U
  _Div_8x8_U
  L_end_Div_16x16_U
  _Div_16x16_U
  L_end_Mul_8x8_S
  _Mul_8x8_S
  L_end_Mul_16x16_S
  _Mul_16x16_S
  L_end_Div_16x16_S_L
  _Div_16x16_S_L
  L_end_Div_16x16_S
  _Div_16x16_S
  L_end_Div_8x8_S
  _Div_8x8_S
  L_end_SDIV3232L
  _SDIV3232L
  L_end_COMFREM
  _COMFREM
  L_end_Div_32x32_S
  _Div_32x32_S
  L_end_Div_32x32_U
  _Div_32x32_U
  L_end_Mul_32x32_U
  _Mul_32x32_U
  L_end_Mul_32x32_S
  _Mul_32x32_S
  L_end_PWM2_Init
  _PWM2_Init
  L_end_PWM2_Set_Duty
  _PWM2_Set_Duty
  L__PWM2_Set_Duty2
  L__PWM2_Set_Duty3
  L__PWM2_Set_Duty4
  L__PWM2_Set_Duty5
  L_end_PWM2_Start
  _PWM2_Start
  L_end_PWM2_Stop
  _PWM2_Stop
  L_end_PWM1_Init
  _PWM1_Init
  L_end_PWM1_Set_Duty
  _PWM1_Set_Duty
  L__PWM1_Set_Duty10
  L__PWM1_Set_Duty11
  L__PWM1_Set_Duty12
  L__PWM1_Set_Duty13
  L_end_PWM1_Start
  _PWM1_Start
  L_end_PWM1_Stop
  _PWM1_Stop
  L_loopCA2AWs
  L_CA2AWend
  _CCA2AW_Loop1
  L_loopCS2Ss
  L_CS2Send
  _CCS2S_Loop1
  L_CCS2Send
  L_loopFZinSWs
  L_FZinSend
  _CC2D_Loop1
  L_end_____DoICP
  _____DoICP
  L_end_____DoIFC
  _____DoIFC
  L_end___CA2AW
  ___CA2AW
  L_end___CCA2AW
  ___CCA2AW
  L_end___CS2S
  ___CS2S
  L_end___CCS2S
  ___CCS2S
  L_end___FZinS
  ___FZinS
  L_end___CC2DW
  ___CC2DW
  L_end_Swap
  _Swap
  L_UART1_Init0
  L_UART1_Init1
  L_UART1_Read2
  L_UART1_Write3
  L_UART1_Write4
  L_UART1_Write_Text5
  L_UART1_Write_Text6
  L_UART1_Read_Text7
  L_UART1_Read_Text8
  L_UART1_Read_Text9
  L_UART1_Read_Text10
  L_UART1_Read_Text11
  L_UART1_Read_Text12
  L_UART1_Read_Text13
  L_UART1_Read_Text14
  L_UART1_Read_Text15
  L_end_UART1_Init
  _UART1_Init
  L_end_UART1_Data_Ready
  _UART1_Data_Ready
  L_end_UART1_Read
  _UART1_Read
  L_end_UART1_Tx_Idle
  _UART1_Tx_Idle
  L_end_UART1_Write
  _UART1_Write
  L_end_UART1_Write_Text
  _UART1_Write_Text
  L_end_UART1_Read_Text
  _UART1_Read_Text
